<acceptance-test-run title="Test2" name="test2" steps="0" successful="0" failures="0" skipped="0" ignored="0" pending="0" annotated-result="FAILURE" result="FAILURE" duration="7" timestamp="2018-10-18T13:23:40.625+03:00">
  <user-story id="serenity.features.search.Test" name="Test" path="serenity.features.search"/>
  <tags>
    <tag name="Search" type="capability"/>
    <tag name="Search" type="feature"/>
    <tag name="Search/Test" type="story"/>
  </tags>
</acceptance-test-run>