<?xml version="1.0" encoding="UTF-8"?><testsuite errors="0" failures="1" name="serenity.features.search.Test" skipped="0" tests="2" time="0.08" timestamp="2018-10-291 01:23:40"><testcase classname="serenity.features.search.Test" name="Test1"/><testcase classname="serenity.features.search.Test" name="Test2"><failure type="java.lang.AssertionError"/><system-err>null
serenity.features.search.Test.test2(Test.java:18)
</system-err></testcase></testsuite>