<?xml version="1.0" encoding="UTF-8"?>
<testsuite name="serenity.features.search.Test" time="0.191" tests="2" errors="0" skipped="0" failures="1">
  <properties>
[...]
</properties>
  <testcase name="test1" classname="serenity.features.search.Test" time="0.173"/>
  <testcase name="test2" classname="serenity.features.search.Test" time="0.018">
    <failure type="java.lang.AssertionError:">java.lang.AssertionError: null
	at serenity.features.search.Test.test2(Test.java:18)
</failure>
    <system-err><![CDATA[[main] INFO net.serenitybdd.core.Serenity - Test Suite Started: Test
[main] INFO net.serenitybdd.core.Serenity - 
 _____ _____ ____ _____   ____ _____  _    ____ _____ _____ ____  
|_   _| ____/ ___|_   _| / ___|_   _|/ \  |  _ \_   _| ____|  _ \ 
  | | |  _| \___ \ | |   \___ \ | | / _ \ | |_) || | |  _| | | | |
  | | | |___ ___) || |    ___) || |/ ___ \|  _ < | | | |___| |_| |
  |_| |_____|____/ |_|   |____/ |_/_/   \_\_| \_\|_| |_____|____/ 
                                                                  

TEST STARTED: test2
-------------------------------------------------------------------
[main] INFO net.serenitybdd.core.Serenity - TEST NUMBER: 2
[main] ERROR net.serenitybdd.core.Serenity - 
           __  _____ _____ ____ _____   _____ _    ___ _     _____ ____  
  _       / / |_   _| ____/ ___|_   _| |  ___/ \  |_ _| |   | ____|  _ \ 
 (_)_____| |    | | |  _| \___ \ | |   | |_ / _ \  | || |   |  _| | | | |
  _|_____| |    | | | |___ ___) || |   |  _/ ___ \ | || |___| |___| |_| |
 (_)     | |    |_| |_____|____/ |_|   |_|/_/   \_\___|_____|_____|____/ 
          \_\                                                            

TEST FAILED: Test2
--------------------------------------------------------------------------
[main] ERROR net.serenitybdd.core.Serenity - 
]]></system-err>
  </testcase>
</testsuite>